Copyright 1986-2018 Xilinx, Inc. All Rights Reserved.
------------------------------------------------------------------------------------
| Tool Version : Vivado v.2018.3 (win64) Build 2405991 Thu Dec  6 23:38:27 MST 2018
| Date         : Thu Jun 25 03:19:24 2020
| Host         : DESKTOP-53VS8TB running 64-bit major release  (build 9200)
| Command      : upgrade_ip
| Device       : xc7z020clg484-1
------------------------------------------------------------------------------------

Upgrade Log for IP 'design_1_myip_0_0'

1. Summary
----------

SUCCESS in the upgrade of design_1_myip_0_0 (user.org:user:myip:1.0) from (Rev. 5) to (Rev. 6)






Copyright 1986-2018 Xilinx, Inc. All Rights Reserved.
------------------------------------------------------------------------------------
| Tool Version : Vivado v.2018.3 (win64) Build 2405991 Thu Dec  6 23:38:27 MST 2018
| Date         : Thu Jun 25 00:49:19 2020
| Host         : DESKTOP-53VS8TB running 64-bit major release  (build 9200)
| Command      : upgrade_ip
| Device       : xc7z020clg484-1
------------------------------------------------------------------------------------

Upgrade Log for IP 'design_1_myip_0_0'

1. Summary
----------

SUCCESS in the upgrade of design_1_myip_0_0 (user.org:user:myip:1.0) from (Rev. 4) to (Rev. 5)

